-------------------------------------------------------------------------------
Test set: com.hybris.hybris123.runtime.tests.Hybris123Tests
-------------------------------------------------------------------------------
Tests run: 1, Failures: 1, Errors: 0, Skipped: 0, Time elapsed: 6.992 sec <<< FAILURE! - in com.hybris.hybris123.runtime.tests.Hybris123Tests
testAcceleratorQuickDiveIsOk(com.hybris.hybris123.runtime.tests.Hybris123Tests)  Time elapsed: 6.95 sec  <<< FAILURE!
java.lang.AssertionError: Connect Exception
	at org.junit.Assert.fail(Assert.java:88)
	at com.hybris.hybris123.runtime.tests.Hybris123Tests.fail(Hybris123Tests.java:1425)

